Error in source_url("https://raw.githubusercontent.com/zhezhangsh/rchive/master/load.r") : 
  client error: (404) Not Found
Calls: source_url -> <Anonymous>
Execution halted
Downloading github repo zhezhangsh/rchive@master
Installing rchive
'/usr/lib64/R/bin/R' --vanilla CMD INSTALL  \
  '/tmp/RtmpoJROmr/devtools234d7360063f5/zhezhangsh-rchive-19c694b'  \
  --library='/home/zhangz/R/library' --install-tests 

* installing *source* package ‘rchive’ ...
** R
** preparing package for lazy loading
** help
No man pages found in package  ‘rchive’ 
*** installing help indices
** building package indices
** testing if installed package can be loaded
* DONE (rchive)
Loading required package: methods
Loading required package: BiocGenerics
Loading required package: parallel

Attaching package: ‘BiocGenerics’

The following objects are masked from ‘package:parallel’:

    clusterApply, clusterApplyLB, clusterCall, clusterEvalQ,
    clusterExport, clusterMap, parApply, parCapply, parLapply,
    parLapplyLB, parRapply, parSapply, parSapplyLB

The following object is masked from ‘package:stats’:

    xtabs

The following objects are masked from ‘package:base’:

    anyDuplicated, append, as.data.frame, as.vector, cbind, colnames,
    do.call, duplicated, eval, evalq, Filter, Find, get, intersect,
    is.unsorted, lapply, Map, mapply, match, mget, order, paste, pmax,
    pmax.int, pmin, pmin.int, Position, rank, rbind, Reduce, rep.int,
    rownames, sapply, setdiff, sort, table, tapply, union, unique,
    unlist, unsplit

Loading required package: GenomeInfoDb
Loading required package: stats4
Loading required package: S4Vectors
Loading required package: IRanges
Loading required package: GenomicRanges
Loading required package: Rsamtools
Loading required package: XVector
Loading required package: Biostrings

Attaching package: ‘VariantAnnotation’

The following object is masked from ‘package:base’:

    tabulate


Attaching package: ‘dplyr’

The following object is masked from ‘package:VariantAnnotation’:

    select

The following objects are masked from ‘package:Biostrings’:

    collapse, intersect, setdiff, setequal, union

The following object is masked from ‘package:XVector’:

    slice

The following objects are masked from ‘package:GenomicRanges’:

    intersect, setdiff, union

The following object is masked from ‘package:GenomeInfoDb’:

    intersect

The following objects are masked from ‘package:IRanges’:

    collapse, desc, intersect, setdiff, slice, union

The following object is masked from ‘package:S4Vectors’:

    rename

The following objects are masked from ‘package:BiocGenerics’:

    combine, intersect, setdiff, union

The following object is masked from ‘package:stats’:

    filter

The following objects are masked from ‘package:base’:

    intersect, setdiff, setequal, union

Downloading  GRCh37 ...
trying URL 'ftp://ftp.ncbi.nih.gov/snp//organisms/human_9606_b142_GRCh37p13/VCF/All_20150217.vcf.gz'
Error in download.file(vcf, fn) : 
  cannot open URL 'ftp://ftp.ncbi.nih.gov/snp//organisms/human_9606_b142_GRCh37p13/VCF/All_20150217.vcf.gz'
Calls: sapply -> lapply -> FUN -> ParseDbSNP -> download.file
Execution halted
Downloading github repo zhezhangsh/rchive@master
Installing rchive
'/usr/lib64/R/bin/R' --vanilla CMD INSTALL  \
  '/tmp/RtmptnohyN/devtools2350121c5de9a/zhezhangsh-rchive-19c694b'  \
  --library='/home/zhangz/R/library' --install-tests 

* installing *source* package ‘rchive’ ...
** R
** preparing package for lazy loading
** help
No man pages found in package  ‘rchive’ 
*** installing help indices
** building package indices
** testing if installed package can be loaded
* DONE (rchive)
Loading required package: methods
Loading required package: BiocGenerics
Loading required package: parallel

Attaching package: ‘BiocGenerics’

The following objects are masked from ‘package:parallel’:

    clusterApply, clusterApplyLB, clusterCall, clusterEvalQ,
    clusterExport, clusterMap, parApply, parCapply, parLapply,
    parLapplyLB, parRapply, parSapply, parSapplyLB

The following object is masked from ‘package:stats’:

    xtabs

The following objects are masked from ‘package:base’:

    anyDuplicated, append, as.data.frame, as.vector, cbind, colnames,
    do.call, duplicated, eval, evalq, Filter, Find, get, intersect,
    is.unsorted, lapply, Map, mapply, match, mget, order, paste, pmax,
    pmax.int, pmin, pmin.int, Position, rank, rbind, Reduce, rep.int,
    rownames, sapply, setdiff, sort, table, tapply, union, unique,
    unlist, unsplit

Loading required package: GenomeInfoDb
Loading required package: stats4
Loading required package: S4Vectors
Loading required package: IRanges
Loading required package: GenomicRanges
Loading required package: Rsamtools
Loading required package: XVector
Loading required package: Biostrings

Attaching package: ‘VariantAnnotation’

The following object is masked from ‘package:base’:

    tabulate


Attaching package: ‘dplyr’

The following object is masked from ‘package:VariantAnnotation’:

    select

The following objects are masked from ‘package:Biostrings’:

    collapse, intersect, setdiff, setequal, union

The following object is masked from ‘package:XVector’:

    slice

The following objects are masked from ‘package:GenomicRanges’:

    intersect, setdiff, union

The following object is masked from ‘package:GenomeInfoDb’:

    intersect

The following objects are masked from ‘package:IRanges’:

    collapse, desc, intersect, setdiff, slice, union

The following object is masked from ‘package:S4Vectors’:

    rename

The following objects are masked from ‘package:BiocGenerics’:

    combine, intersect, setdiff, union

The following object is masked from ‘package:stats’:

    filter

The following objects are masked from ‘package:base’:

    intersect, setdiff, setequal, union

Downloading  GRCh37 ...
trying URL 'ftp://ftp.ncbi.nih.gov/snp//organisms/human_9606_b142_GRCh37p13/VCF/All_20150415.vcf.gz'
ftp data connection made, file length 2570003720 bytes
opened URL
=========================================Loading required package: methods
Loading required package: BiocGenerics
Loading required package: parallel

Attaching package: ‘BiocGenerics’

The following objects are masked from ‘package:parallel’:

    clusterApply, clusterApplyLB, clusterCall, clusterEvalQ,
    clusterExport, clusterMap, parApply, parCapply, parLapply,
    parLapplyLB, parRapply, parSapply, parSapplyLB

The following object is masked from ‘package:stats’:

    xtabs

The following objects are masked from ‘package:base’:

    anyDuplicated, append, as.data.frame, as.vector, cbind, colnames,
    do.call, duplicated, eval, evalq, Filter, Find, get, intersect,
    is.unsorted, lapply, Map, mapply, match, mget, order, paste, pmax,
    pmax.int, pmin, pmin.int, Position, rank, rbind, Reduce, rep.int,
    rownames, sapply, setdiff, sort, table, tapply, union, unique,
    unlist, unsplit

Loading required package: GenomeInfoDb
Loading required package: stats4
Loading required package: S4Vectors
Loading required package: IRanges
Loading required package: GenomicRanges
Loading required package: Rsamtools
Loading required package: XVector
Loading required package: Biostrings

Attaching package: ‘VariantAnnotation’

The following object is masked from ‘package:base’:

    tabulate

Loading required package: BSgenome
Loading required package: rtracklayer

Loading region:  1_1
Loaded 320977 variants.
Loading region:  1_2
Loaded 294767 variants.
Loading region:  1_3
Loaded 279890 variants.
Loading region:  1_4
Loaded 290702 variants.
Loading region:  1_5
Loaded 275808 variants.
Loading region:  1_6
Loaded 285829 variants.
Loading region:  1_7
Loaded 281181 variants.
Loading region:  1_8
Loaded 280581 variants.
Loading region:  1_9
Loaded 286183 variants.
Loading region:  1_10
Loaded 275752 variants.
Loading region:  1_11
Loaded 288164 variants.
Loading region:  1_12
Loaded 283221 variants.
Loading region:  1_13
Loaded 35228 variants.
Loading region:  1_14
Loaded 0 variants.
Loading region:  1_15
Loaded 114928 variants.
Loading region:  1_16
Loaded 283759 variants.
Loading region:  1_17
Loaded 294808 variants.
Loading region:  1_18
Loaded 277506 variants.
Loading region:  1_19
Loaded 291546 variants.
Loading region:  1_20
Loaded 287342 variants.
Loading region:  1_21
Loaded 278479 variants.
Loading region:  1_22
Loaded 291062 variants.
Loading region:  1_23
Loaded 282467 variants.
Loading region:  1_24
Loaded 304273 variants.
Loading region:  1_25
Loaded 283650 variants.
Loading region:  2_1
Loaded 323618 variants.
Loading region:  2_2
Loaded 305084 variants.
Loading region:  2_3
Loaded 290737 variants.
Loading region:  2_4
Loaded 338485 variants.
Loading region:  2_5
Loaded 352242 variants.
Loading region:  2_6
Loaded 335776 variants.
Loading region:  2_7
Loaded 294493 variants.
Loading region:  2_8
Loaded 306265 variants.
Loading region:  2_9
Loaded 270501 variants.
Loading region:  2_10
Loaded 143611 variants.
Loading region:  2_11
Loaded 297700 variants.
Loading region:  2_12
Loaded 263201 variants.
Loading region:  2_13
Loaded 307470 variants.
Loading region:  2_14
Loaded 292062 variants.
Loading region:  2_15
Loaded 279192 variants.
Loading region:  2_16
Loaded 279761 variants.
Loading region:  2_17
Loaded 278913 variants.
Loading region:  2_18
Loaded 280949 variants.
Loading region:  2_19
Loaded 282147 variants.
Loading region:  2_20
Loaded 272593 variants.
Loading region:  2_21
Loaded 274721 variants.
Loading region:  2_22
Loaded 292101 variants.
Loading region:  2_23
Loaded 295502 variants.
Loading region:  2_24
Loaded 318008 variants.
Loading region:  2_25
Loaded 106473 variants.
Loading region:  3_1
Loaded 364710 variants.
Loading region:  3_2
Loaded 302190 variants.
Loading region:  3_3
Loaded 325091 variants.
Loading region:  3_4
Loaded 292005 variants.
Loading region:  3_5
Loaded 271713 variants.
Loading region:  3_6
Loaded 287932 variants.
Loading region:  3_7
Loaded 325355 variants.
Loading region:  3_8
Loaded 302231 variants.
Loading region:  3_9
Loaded 298771 variants.
Loading region:  3_10
Loaded 222099 variants.
Loading region:  3_11
Loaded 290676 variants.
Loading region:  3_12
Loaded 281422 variants.
Loading region:  3_13
Loaded 297390 variants.
Loading region:  3_14
Loaded 283275 variants.
Loading region:  3_15
Loaded 289406 variants.
Loading region:  3_16
Loaded 280766 variants.
Loading region:  3_17
Loaded 287081 variants.
Loading region:  3_18
Loaded 290132 variants.
Loading region:  3_19
Loaded 288885 variants.
Loading region:  3_20
Loaded 251154 variants.
Loading region:  4_1
Loaded 383875 variants.
Loading region:  4_2
Loaded 322383 variants.
Loading region:  4_3
Loaded 310402 variants.
Loading region:  4_4
Loaded 312256 variants.
Loading region:  4_5
Loaded 287360 variants.
Loading region:  4_6
Loaded 231275 variants.
Loading region:  4_7
Loaded 327791 variants.
Loading region:  4_8
Loaded 302083 variants.
Loading region:  4_9
Loaded 279391 variants.
Loading region:  4_10
Loaded 294138 variants.
Loading region:  4_11
Loaded 279028 variants.
Loading region:  4_12
Loaded 286393 variants.
Loading region:  4_13
Loaded 281626 variants.
Loading region:  4_14
Loaded 301946 variants.
Loading region:  4_15
Loaded 283927 variants.
Loading region:  4_16
Loaded 284217 variants.
Loading region:  4_17
Loaded 303534 variants.
Loading region:  4_18
Loaded 300912 variants.
Loading region:  4_19
Loaded 328862 variants.
Loading region:  4_20
Loaded 31192 variants.
Loading region:  5_1
Loaded 338366 variants.
Loading region:  5_2
Loaded 302131 variants.
Loading region:  5_3
Loaded 308340 variants.
Loading region:  5_4
Loaded 295085 variants.
Loading region:  5_5
Loaded 234834 variants.
Loading region:  5_6
Loaded 290815 variants.
Loading region:  5_7
Loaded 249365 variants.
Loading region:  5_8
Loaded 268083 variants.
Loading region:  5_9
Loaded 272341 variants.
Loading region:  5_10
Loaded 273613 variants.
Loading region:  5_11
Loaded 306886 variants.
Loading region:  5_12
Loaded 340931 variants.
Loading region:  5_13
Loaded 305061 variants.
Loading region:  5_14
Loaded 270196 variants.
Loading region:  5_15
Loaded 291741 variants.
Loading region:  5_16
Loaded 289234 variants.
Loading region:  5_17
Loaded 299765 variants.
Loading region:  5_18
Loaded 305564 variants.
Loading region:  5_19
Loaded 23418 variants.
Loading region:  6_1
Loaded 316716 variants.
Loading region:  6_2
Loaded 304365 variants.
Loading region:  6_3
Loaded 294010 variants.
Loading region:  6_4
Loaded 314305 variants.
Loading region:  6_5
Loaded 302981 variants.
Loading region:  6_6
Loaded 264644 variants.
Loading region:  6_7
Loaded 267270 variants.
Loading region:  6_8
Loaded 300669 variants.
Loading region:  6_9
Loaded 304694 variants.
Loading region:  6_10
Loaded 281433 variants.
Loading region:  6_11
Loaded 284145 variants.
Loading region:  6_12
Loaded 277282 variants.
Loading region:  6_13
Loaded 279961 variants.
Loading region:  6_14
Loaded 291630 variants.
Loading region:  6_15
Loaded 283131 variants.
Loading region:  6_16
Loaded 303270 variants.
Loading region:  6_17
Loaded 323404 variants.
Loading region:  6_18
Loaded 30213 variants.
Loading region:  7_1
Loaded 400480 variants.
Loading region:  7_2
Loaded 349158 variants.
Loading region:  7_3
Loaded 306801 variants.
Loading region:  7_4
Loaded 290433 variants.
Loading region:  7_5
Loaded 297539 variants.
Loading region:  7_6
Loaded 255122 variants.
Loading region:  7_7
Loaded 266912 variants.
Loading region:  7_8
Loaded 265374 variants.
Loading region:  7_9
Loaded 289277 variants.
Loading region:  7_10
Loaded 273443 variants.
Loading region:  7_11
Loaded 291164 variants.
Loading region:  7_12
Loaded 271277 variants.
Loading region:  7_13
Loaded 278519 variants.
Loading region:  7_14
Loaded 285683 variants.
Loading region:  7_15
Loaded 288860 variants.
Loading region:  7_16
Loaded 306675 variants.
Loading region:  8_1
Loaded 495587 variants.
Loading region:  8_2
Loaded 429172 variants.
Loading region:  8_3
Loaded 318655 variants.
Loading region:  8_4
Loaded 286918 variants.
Loading region:  8_5
Loaded 230608 variants.
Loading region:  8_6
Loaded 309931 variants.
Loading region:  8_7
Loaded 286352 variants.
Loading region:  8_8
Loaded 288960 variants.
Loading region:  8_9
Loaded 283668 variants.
Loading region:  8_10
Loaded 278449 variants.
Loading region:  8_11
Loaded 281450 variants.
Loading region:  8_12
Loaded 279615 variants.
Loading region:  8_13
Loaded 300839 variants.
Loading region:  8_14
Loaded 316687 variants.
Loading region:  8_15
Loaded 210218 variants.
Loading region:  9_1
Loaded 403305 variants.
Loading region:  9_2
Loaded 376516 variants.
Loading region:  9_3
Loaded 344529 variants.
Loading region:  9_4
Loaded 264486 variants.
Loading region:  9_5
Loaded 45316 variants.
Loading region:  9_6
Loaded 0 variants.
Loading region:  9_7
Loaded 40015 variants.
Loading region:  9_8
Loaded 258746 variants.
Loading region:  9_9
Loaded 293675 variants.
Loading region:  9_10
Loaded 288962 variants.
Loading region:  9_11
Loaded 294970 variants.
Loading region:  9_12
Loaded 297386 variants.
Loading region:  9_13
Loaded 286218 variants.
Loading region:  9_14
Loaded 329253 variants.
Loading region:  9_15
Loaded 37313 variants.
Loading region:  10_1
Loaded 343494 variants.
Loading region:  10_2
Loaded 330254 variants.
Loading region:  10_3
Loaded 307936 variants.
Loading region:  10_4
Loaded 290767 variants.
Loading region:  10_5
Loaded 185831 variants.
Loading region:  10_6
Loaded 289764 variants.
Loading region:  10_7
Loaded 293909 variants.
Loading region:  10_8
Loaded 289400 variants.
Loading region:  10_9
Loaded 297206 variants.
Loading region:  10_10
Loaded 282431 variants.
Loading region:  10_11
Loaded 279774 variants.
Loading region:  10_12
Loaded 302222 variants.
Loading region:  10_13
Loaded 307228 variants.
Loading region:  10_14
Loaded 192006 variants.
Loading region:  11_1
Loaded 334367 variants.
Loading region:  11_2
Loaded 296160 variants.
Loading region:  11_3
Loaded 311272 variants.
Loading region:  11_4
Loaded 293232 variants.
Loading region:  11_5
Loaded 307471 variants.
Loading region:  11_6
Loaded 235588 variants.
Loading region:  11_7
Loaded 296958 variants.
Loading region:  11_8
Loaded 301653 variants.
Loading region:  11_9
Loaded 302178 variants.
Loading region:  11_10
Loaded 308887 variants.
Loading region:  11_11
Loaded 295156 variants.
Loading region:  11_12
Loaded 296752 variants.
Loading region:  11_13
Loaded 299453 variants.
Loading region:  11_14
Loaded 166506 variants.
Loading region:  12_1
Loaded 305720 variants.
Loading region:  12_2
Loaded 299634 variants.
Loading region:  12_3
Loaded 292661 variants.
Loading region:  12_4
Loaded 244577 variants.
Loading region:  12_5
Loaded 289620 variants.
Loading region:  12_6
Loaded 283171 variants.
Loading region:  12_7
Loaded 286459 variants.
Loading region:  12_8
Loaded 285983 variants.
Loading region:  12_9
Loaded 282055 variants.
Loading region:  12_10
Loaded 284498 variants.
Loading region:  12_11
Loaded 284967 variants.
Loading region:  12_12
Loaded 286939 variants.
Loading region:  12_13
Loaded 315372 variants.
Loading region:  12_14
Loaded 126778 variants.
Loading region:  13_1
Loaded 0 variants.
Loading region:  13_2
Loaded 36194 variants.
Loading region:  13_3
Loaded 314466 variants.
Loading region:  13_4
Loaded 293913 variants.
Loading region:  13_5
Loaded 283199 variants.
Loading region:  13_6
Loaded 270425 variants.
Loading region:  13_7
Loaded 296846 variants.
Loading region:  13_8
Loaded 295685 variants.
Loading region:  13_9
Loaded 290832 variants.
Loading region:  13_10
Loaded 297656 variants.
Loading region:  13_11
Loaded 311651 variants.
Loading region:  13_12
Loaded 167052 variants.
Loading region:  14_1
Loaded 0 variants.
Loading region:  14_2
Loaded 18271 variants.
Loading region:  14_3
Loaded 302554 variants.
Loading region:  14_4
Loaded 289989 variants.
Loading region:  14_5
Loaded 309077 variants.
Loading region:  14_6
Loaded 296062 variants.
Loading region:  14_7
Loaded 283842 variants.
Loading region:  14_8
Loaded 292143 variants.
Loading region:  14_9
Loaded 300083 variants.
Loading region:  14_10
Loaded 315414 variants.
Loading region:  14_11
Loaded 247634 variants.
Loading region:  15_1
Loaded 0 variants.
Loading region:  15_2
Loaded 0 variants.
Loading region:  15_3
Loaded 259970 variants.
Loading region:  15_4
Loaded 277725 variants.
Loading region:  15_5
Loaded 279295 variants.
Loading region:  15_6
Loaded 317695 variants.
Loading region:  15_7
Loaded 298148 variants.
Loading region:  15_8
Loaded 281999 variants.
Loading region:  15_9
Loaded 292804 variants.
Loading region:  15_10
Loaded 328166 variants.
Loading region:  15_11
Loaded 88887 variants.
Loading region:  16_1
Loaded 442546 variants.
Loading region:  16_2
Loaded 317699 variants.
Loading region:  16_3
Loaded 272720 variants.
Loading region:  16_4
Loaded 136348 variants.
Loading region:  16_5
Loaded 98299 variants.
Loading region:  16_6
Loaded 306283 variants.
Loading region:  16_7
Loaded 281658 variants.
Loading region:  16_8
Loaded 377175 variants.
Loading region:  16_9
Loaded 457750 variants.
Loading region:  16_10
Loaded 7472 variants.
Loading region:  17_1
Loaded 330102 variants.
Loading region:  17_2
Loaded 297194 variants.
Loading region:  17_3
Loaded 197990 variants.
Loading region:  17_4
Loaded 286833 variants.
Loading region:  17_5
Loaded 267113 variants.
Loading region:  17_6
Loaded 277800 variants.
Loading region:  17_7
Loaded 290716 variants.
Loading region:  17_8
Loaded 339419 variants.
Loading region:  17_9
Loaded 42122 variants.
Loading region:  18_1
Loaded 310680 variants.
Loading region:  18_2
Loaded 215991 variants.
Loading region:  18_3
Loaded 286900 variants.
Loading region:  18_4
Loaded 283270 variants.
Loading region:  18_5
Loaded 300811 variants.
Loading region:  18_6
Loaded 296090 variants.
Loading region:  18_7
Loaded 305867 variants.
Loading region:  18_8
Loaded 267582 variants.
Loading region:  19_1
Loaded 347245 variants.
Loading region:  19_2
Loaded 313201 variants.
Loading region:  19_3
Loaded 242380 variants.
Loading region:  19_4
Loaded 299164 variants.
Loading region:  19_5
Loaded 320140 variants.
Loading region:  19_6
Loaded 310376 variants.
Loading region:  20_1
Loaded 299521 variants.
Loading region:  20_2
Loaded 298548 variants.
Loading region:  20_3
Loaded 213569 variants.
Loading region:  20_4
Loaded 275063 variants.
Loading region:  20_5
Loaded 301045 variants.
Loading region:  20_6
Loaded 318947 variants.
Loading region:  20_7
Loaded 106149 variants.
Loading region:  21_1
Loaded 7516 variants.
Loading region:  21_2
Loaded 198102 variants.
Loading region:  21_3
Loaded 322177 variants.
Loading region:  21_4
Loaded 300663 variants.
Loading region:  21_5
Loaded 277081 variants.
Loading region:  22_1
Loaded 0 variants.
Loading region:  22_2
Loaded 108029 variants.
Loading region:  22_3
Loaded 297818 variants.
Loading region:  22_4
Loaded 308792 variants.
Loading region:  22_5
Loaded 345301 variants.
Loading region:  22_6
Loaded 43611 variants.
Loading region:  X_1
Loaded 274942 variants.
Loading region:  X_2
Loaded 210883 variants.
Loading region:  X_3
Loaded 219524 variants.
Loading region:  X_4
Loaded 231405 variants.
Loading region:  X_5
Loaded 205655 variants.
Loading region:  X_6
Loaded 189724 variants.
Loading region:  X_7
Loaded 226166 variants.
Loading region:  X_8
Loaded 239164 variants.
Loading region:  X_9
Loaded 256185 variants.
Loading region:  X_10
Loaded 228492 variants.
Loading region:  X_11
Loaded 200927 variants.
Loading region:  X_12
Loaded 226654 variants.
Loading region:  X_13
Loaded 219882 variants.
Loading region:  X_14
Loaded 202541 variants.
Loading region:  X_15
Loaded 227907 variants.
Loading region:  X_16
Loaded 108042 variants.
Loading region:  Y_1Error: scanVcf: scanVcf: scanTabix: 'Y' not present in tabix index
 path: /nas/is1/reference/human/1kg_hg19_GTcalls/ALL.chr1_to_chrX_phase3_shapeit2_mvncall_integrated.20130502.genotypes.fixed.vcf.gz
 index: /nas/is1/reference/human/1kg_hg19_GTcalls/ALL.chr1_to_chrX_phase3_shapeit2_mvncall_integrated.20130502.genotypes.fixed.vcf.gz.tbi
  path: /nas/is1/reference/human/1kg_hg19_GTcalls/ALL.chr1_to_chrX_phase3_shapeit2_mvncall_integrated.20130502.genotypes.fixed.vcf.gz
Execution halted
