Downloading github repo zhezhangsh/rchive@master
Installing rchive
'/usr/lib/R/bin/R' --vanilla CMD INSTALL  \
  '/tmp/Rtmp6eWpyB/devtools256f2c55fead/zhezhangsh-rchive-88fc116'  \
  --library='/zhangz/R/library' --install-tests 

* installing *source* package ‘rchive’ ...
** R
** preparing package for lazy loading
** help
No man pages found in package  ‘rchive’ 
*** installing help indices
** building package indices
** testing if installed package can be loaded
* DONE (rchive)
Processing dataset: D0001 
Processing dataset: D0002 
Processing dataset: D0003 
Processing dataset: D0004 
Processing dataset: D0005 
Processing dataset: D0006 
Processing dataset: D0007 
Processing dataset: D0008 
Processing dataset: D0009 
Processing dataset: D0010 
Warning messages:
1: replacing previous import by ‘htmlwidgets::JS’ when loading ‘awsomics’ 
2: replacing previous import by ‘htmlwidgets::saveWidget’ when loading ‘awsomics’ 
[1] TRUE
Downloading github repo zhezhangsh/rchive@master
Installing rchive
'/usr/lib/R/bin/R' --vanilla CMD INSTALL  \
  '/tmp/RtmpNFFm7J/devtools2a8844161f89/zhezhangsh-rchive-88fc116'  \
  --library='/zhangz/R/library' --install-tests 

* installing *source* package ‘rchive’ ...
** R
** preparing package for lazy loading
** help
No man pages found in package  ‘rchive’ 
*** installing help indices
** building package indices
** testing if installed package can be loaded
* DONE (rchive)
Processing dataset: D0001 
Processing dataset: D0002 
Processing dataset: D0003 
Processing dataset: D0004 
Processing dataset: D0005 
Processing dataset: D0006 
Processing dataset: D0007 
Processing dataset: D0008 
Processing dataset: D0009 
Processing dataset: D0010 
Warning messages:
1: replacing previous import by ‘htmlwidgets::JS’ when loading ‘awsomics’ 
2: replacing previous import by ‘htmlwidgets::saveWidget’ when loading ‘awsomics’ 
[1] FALSE
Downloading github repo zhezhangsh/rchive@master
Installing rchive
'/usr/lib/R/bin/R' --vanilla CMD INSTALL  \
  '/tmp/RtmpzD6L0i/devtools2bf540523883/zhezhangsh-rchive-88fc116'  \
  --library='/zhangz/R/library' --install-tests 

* installing *source* package ‘rchive’ ...
** R
** preparing package for lazy loading
** help
No man pages found in package  ‘rchive’ 
*** installing help indices
** building package indices
** testing if installed package can be loaded
* DONE (rchive)
Processing dataset: D0001 
Processing dataset: D0002 
Processing dataset: D0003 
Processing dataset: D0004 
Processing dataset: D0005 
Processing dataset: D0006 
Processing dataset: D0007 
Processing dataset: D0008 
Processing dataset: D0009 
Processing dataset: D0010 
Warning messages:
1: replacing previous import by ‘htmlwidgets::JS’ when loading ‘awsomics’ 
2: replacing previous import by ‘htmlwidgets::saveWidget’ when loading ‘awsomics’ 
[1] FALSE
